🌌 [V8-PRIMARY] Initializing Powder Galaxy Cluster...
🧠 [V8-PRIMARY] Detected 12 CPU cores. Forging workers...
⚙️ [V8-WORKER-31232] Booting instance...
⚙️ [V8-WORKER-34432] Booting instance...
[API] Server running on port 5555
[WS] Server running on port 5556
✅ [V8-WORKER-31232] Systems online.
[API] Server running on port 5555
[WS] Server running on port 5556
✅ [V8-WORKER-34432] Systems online.
⚙️ [V8-WORKER-34040] Booting instance...
⚙️ [V8-WORKER-29552] Booting instance...
[API] Server running on port 5555
[API] Server running on port 5555
[WS] Server running on port 5556
[WS] Server running on port 5556
✅ [V8-WORKER-34040] Systems online.
✅ [V8-WORKER-29552] Systems online.
⚙️ [V8-WORKER-5524] Booting instance...
[API] Server running on port 5555
[WS] Server running on port 5556
✅ [V8-WORKER-5524] Systems online.
⚙️ [V8-WORKER-29276] Booting instance...
[API] Server running on port 5555
[WS] Server running on port 5556
✅ [V8-WORKER-29276] Systems online.
⚙️ [V8-WORKER-8900] Booting instance...
[API] Server running on port 5555
[WS] Server running on port 5556
✅ [V8-WORKER-8900] Systems online.
⚙️ [V8-WORKER-28476] Booting instance...
[API] Server running on port 5555
[WS] Server running on port 5556
✅ [V8-WORKER-28476] Systems online.
⚙️ [V8-WORKER-20004] Booting instance...
⚙️ [V8-WORKER-32148] Booting instance...
⚙️ [V8-WORKER-13348] Booting instance...
[API] Server running on port 5555
[API] Server running on port 5555
[WS] Server running on port 5556
[WS] Server running on port 5556
✅ [V8-WORKER-20004] Systems online.
✅ [V8-WORKER-32148] Systems online.
[API] Server running on port 5555
[WS] Server running on port 5556
✅ [V8-WORKER-13348] Systems online.
⚙️ [V8-WORKER-33868] Booting instance...
[API] Server running on port 5555
[WS] Server running on port 5556
✅ [V8-WORKER-33868] Systems online.
[WS] Client connected to Universe Socket
[OS-Kernel] Executing Message: NETWORK_TRANSFORM_UPDATE
[OS-Kernel] Executing Message: NETWORK_TRANSFORM_UPDATE
[OS-Kernel] Executing Message: NETWORK_TRANSFORM_UPDATE
[OS-Kernel] Executing Message: NETWORK_TRANSFORM_UPDATE
[OS-Kernel] Executing Message: NETWORK_TRANSFORM_UPDATE
[OS-Kernel] Executing Message: NETWORK_TRANSFORM_UPDATE
[OS-Kernel] Executing Message: NETWORK_TRANSFORM_UPDATE
[WS] Client disconnected from Universe Socket
