🌌 [V8-PRIMARY] Initializing Powder Galaxy Cluster...
🧠 [V8-PRIMARY] Detected 12 CPU cores. Forging workers...
⚙️ [V8-WORKER-32984] Booting instance...
[API] Server running on port 5555
[WS] Server running on port 5556
✅ [V8-WORKER-32984] Systems online.
⚙️ [V8-WORKER-27180] Booting instance...
⚙️ [V8-WORKER-26208] Booting instance...
[API] Server running on port 5555
[WS] Server running on port 5556
✅ [V8-WORKER-27180] Systems online.
[API] Server running on port 5555
[WS] Server running on port 5556
✅ [V8-WORKER-26208] Systems online.
⚙️ [V8-WORKER-22680] Booting instance...
⚙️ [V8-WORKER-30880] Booting instance...
[API] Server running on port 5555
[WS] Server running on port 5556
✅ [V8-WORKER-22680] Systems online.
⚙️ [V8-WORKER-248] Booting instance...
[API] Server running on port 5555
[WS] Server running on port 5556
✅ [V8-WORKER-30880] Systems online.
[API] Server running on port 5555
[WS] Server running on port 5556
✅ [V8-WORKER-248] Systems online.
⚙️ [V8-WORKER-34164] Booting instance...
⚙️ [V8-WORKER-31976] Booting instance...
[API] Server running on port 5555
[WS] Server running on port 5556
✅ [V8-WORKER-34164] Systems online.
[API] Server running on port 5555
[WS] Server running on port 5556
✅ [V8-WORKER-31976] Systems online.
⚙️ [V8-WORKER-22864] Booting instance...
[API] Server running on port 5555
[WS] Server running on port 5556
✅ [V8-WORKER-22864] Systems online.
⚙️ [V8-WORKER-3504] Booting instance...
⚙️ [V8-WORKER-26504] Booting instance...
⚙️ [V8-WORKER-5896] Booting instance...
[API] Server running on port 5555
[WS] Server running on port 5556
✅ [V8-WORKER-3504] Systems online.
[API] Server running on port 5555
[API] Server running on port 5555
[WS] Server running on port 5556
✅ [V8-WORKER-26504] Systems online.
[WS] Server running on port 5556
✅ [V8-WORKER-5896] Systems online.
[WS] Client connected to Universe Socket
[OS-Kernel] Executing Message: NETWORK_TRANSFORM_UPDATE
[OS-Kernel] Executing Message: NETWORK_TRANSFORM_UPDATE
[OS-Kernel] Executing Message: NETWORK_TRANSFORM_UPDATE
[WS] Client disconnected from Universe Socket
