🌌 [V8-PRIMARY] Initializing Powder Galaxy Cluster...
🧠 [V8-PRIMARY] Detected 12 CPU cores. Forging workers...
⚙️ [V8-WORKER-31296] Booting instance...
[API] Server running on port 5555
[WS] Server running on port 5556
✅ [V8-WORKER-31296] Systems online.
⚙️ [V8-WORKER-26216] Booting instance...
[API] Server running on port 5555
[WS] Server running on port 5556
✅ [V8-WORKER-26216] Systems online.
⚙️ [V8-WORKER-30144] Booting instance...
⚙️ [V8-WORKER-34488] Booting instance...
[API] Server running on port 5555
[WS] Server running on port 5556
✅ [V8-WORKER-30144] Systems online.
[API] Server running on port 5555
[WS] Server running on port 5556
✅ [V8-WORKER-34488] Systems online.
⚙️ [V8-WORKER-29964] Booting instance...
[API] Server running on port 5555
[WS] Server running on port 5556
✅ [V8-WORKER-29964] Systems online.
⚙️ [V8-WORKER-27892] Booting instance...
[API] Server running on port 5555
[WS] Server running on port 5556
✅ [V8-WORKER-27892] Systems online.
⚙️ [V8-WORKER-31832] Booting instance...
[API] Server running on port 5555
[WS] Server running on port 5556
✅ [V8-WORKER-31832] Systems online.
⚙️ [V8-WORKER-17412] Booting instance...
[API] Server running on port 5555
[WS] Server running on port 5556
✅ [V8-WORKER-17412] Systems online.
⚙️ [V8-WORKER-33980] Booting instance...
[API] Server running on port 5555
[WS] Server running on port 5556
✅ [V8-WORKER-33980] Systems online.
⚙️ [V8-WORKER-22396] Booting instance...
⚙️ [V8-WORKER-6644] Booting instance...
[API] Server running on port 5555
[WS] Server running on port 5556
✅ [V8-WORKER-22396] Systems online.
[API] Server running on port 5555
[WS] Server running on port 5556
✅ [V8-WORKER-6644] Systems online.
⚙️ [V8-WORKER-30616] Booting instance...
[API] Server running on port 5555
[WS] Server running on port 5556
✅ [V8-WORKER-30616] Systems online.
[WS] Client connected to Universe Socket
[OS-Kernel] Executing Message: NETWORK_TRANSFORM_UPDATE
[OS-Kernel] Executing Message: NETWORK_TRANSFORM_UPDATE
[OS-Kernel] Executing Message: NETWORK_TRANSFORM_UPDATE
[OS-Kernel] Executing Message: NETWORK_TRANSFORM_UPDATE
[OS-Kernel] Executing Message: NETWORK_TRANSFORM_UPDATE
[WS] Client disconnected from Universe Socket
