[V8-PRIMARY] Powder Galaxy Cluster initializing...
[V8-PRIMARY] 12 CPU cores detected. Forging HTTP workers...
[WS] Server running on port 5556
[V8-PRIMARY] WebSocket Server online (port 5556).
[V8-WORKER-26876] Booting HTTP instance...
[API] Server running on port 5555
[V8-WORKER-26876] HTTP API online.
[V8-WORKER-24212] Booting HTTP instance...
[V8-WORKER-25348] Booting HTTP instance...
[API] Server running on port 5555
[V8-WORKER-24212] HTTP API online.
[API] Server running on port 5555
[V8-WORKER-25348] HTTP API online.
[V8-WORKER-26412] Booting HTTP instance...
[API] Server running on port 5555
[V8-WORKER-26412] HTTP API online.
[V8-WORKER-26616] Booting HTTP instance...
[API] Server running on port 5555
[V8-WORKER-26616] HTTP API online.
[V8-WORKER-4680] Booting HTTP instance...
[API] Server running on port 5555
[V8-WORKER-4680] HTTP API online.
[V8-WORKER-27132] Booting HTTP instance...
[API] Server running on port 5555
[V8-WORKER-27132] HTTP API online.
[V8-WORKER-27528] Booting HTTP instance...
[API] Server running on port 5555
[V8-WORKER-27528] HTTP API online.
[V8-WORKER-6756] Booting HTTP instance...
[V8-WORKER-23932] Booting HTTP instance...
[V8-WORKER-27448] Booting HTTP instance...
[API] Server running on port 5555
[API] Server running on port 5555
[V8-WORKER-23932] HTTP API online.
[V8-WORKER-6756] HTTP API online.
[API] Server running on port 5555
[V8-WORKER-27448] HTTP API online.
[V8-WORKER-24776] Booting HTTP instance...
[API] Server running on port 5555
[V8-WORKER-24776] HTTP API online.
[WS] Client connected to Universe Socket
[WS] Client connected to Universe Socket
[OS-Kernel] Executing Message: NETWORK_TRANSFORM_UPDATE
[OS-Kernel] Executing Message: NETWORK_TRANSFORM_UPDATE
[WS] Client disconnected from Universe Socket
[OS-Kernel] Executing Message: NETWORK_TRANSFORM_UPDATE
[WS] Client connected to Universe Socket
[OS-Kernel] Executing Message: NETWORK_TRANSFORM_UPDATE
[OS-Kernel] Executing Message: NETWORK_TRANSFORM_UPDATE
[OS-Kernel] Executing Message: NETWORK_TRANSFORM_UPDATE
[OS-Kernel] Executing Message: NETWORK_TRANSFORM_UPDATE
[OS-Kernel] Executing Message: NETWORK_TRANSFORM_UPDATE
[OS-Kernel] Executing Message: NETWORK_TRANSFORM_UPDATE
[OS-Kernel] Executing Message: NETWORK_TRANSFORM_UPDATE
[OS-Kernel] Executing Message: NETWORK_TRANSFORM_UPDATE
[WS] Client disconnected from Universe Socket
[OS-Kernel] Executing Message: NETWORK_TRANSFORM_UPDATE
[OS-Kernel] Executing Message: NETWORK_TRANSFORM_UPDATE
[WS] Client connected to Universe Socket
[OS-Kernel] Executing Message: NETWORK_TRANSFORM_UPDATE
[OS-Kernel] Executing Message: NETWORK_TRANSFORM_UPDATE
[OS-Kernel] Executing Message: NETWORK_TRANSFORM_UPDATE
[OS-Kernel] Executing Message: NETWORK_TRANSFORM_UPDATE
[OS-Kernel] Executing Message: NETWORK_TRANSFORM_UPDATE
[OS-Kernel] Executing Message: NETWORK_TRANSFORM_UPDATE
[OS-Kernel] Executing Message: NETWORK_TRANSFORM_UPDATE
[WS] Client disconnected from Universe Socket
[OS-Kernel] Executing Message: NETWORK_TRANSFORM_UPDATE
[WS] Client disconnected from Universe Socket
